<?xml version="1.0" encoding="UTF-8"?>
<testsuites name="All" time="60" tests="4" failures="0" errors="0">
   <testsuite name="All" tests="4" failures="0" errors="0" time="60" timestamp="2019-05-21 15:34:06" hostname="User - 169.254.25.154" id="Test Suites/All">
      <properties>
         <property name="deviceName" value=""/>
         <property name="devicePlatform" value=""/>
         <property name="logFolder" value="C:\\Users\\User\\Katalon Studio\\QA-Test\\Reports\\All\\20190521_153404"/>
         <property name="logFiles" value="C:\\Users\\User\\Katalon Studio\\QA-Test\\Reports\\All\\20190521_153404\\execution0.log"/>
         <property name="attachments" value=""/>
         <property name="hostName" value="User - 169.254.25.154"/>
         <property name="os" value="Windows 10 64bit"/>
         <property name="katalonVersion" value="6.0.5.4"/>
         <property name="browser" value="Firefox 65.0"/>
         <property name="hostAddress" value="169.254.25.154"/>
         <property name="sessionId" value="d70b0ca5-1742-411e-9cd6-b4e13d36b998"/>
         <property name="seleniumVersion" value="3.7.1"/>
         <property name="proxyInformation" value="ProxyInformation{proxyOption=NO_PROXY, proxyServerType=HTTP, password=, proxyServerAddress=, proxyServerPort=0}"/>
         <property name="platform" value="Windows 10"/>
      </properties>
      <testcase name="Test Cases/Create a public gist/TC01" classname="Test Cases/Create a public gist/TC01" status="PASSED">
         <system-out><![CDATA[2019-05-21 15:34:06 - [TEST_CASE][PASSED] - Test Cases/Create a public gist/TC01: Test Cases/Create a public gist/TC01

2019-05-21 15:34:06 - [TEST_STEP][PASSED] - openBrowser(""): Browser is opened with url: ''

2019-05-21 15:34:06 - [MESSAGE][INFO] - Starting 'Firefox' driver

2019-05-21 15:34:06 - [MESSAGE][INFO] - Action delay is set to 0 seconds

2019-05-21 15:34:10 - [MESSAGE][PASSED] - Browser is opened with url: ''

2019-05-21 15:34:10 - [TEST_STEP][PASSED] - navigateToUrl("https://gist.github.com/discover"): Navigate to 'https://gist.github.com/discover' successfully

2019-05-21 15:34:13 - [MESSAGE][PASSED] - Navigate to 'https://gist.github.com/discover' successfully

2019-05-21 15:34:13 - [TEST_STEP][PASSED] - click(findTestObject("Object Repository/Create a public gist/TC01/Page_Discover gists  GitHub/a_Signin")): Object: 'Object Repository/Create a public gist/TC01/Page_Discover gists  GitHub/a_Signin' is clicked on

2019-05-21 15:34:15 - [MESSAGE][PASSED] - Object: 'Object Repository/Create a public gist/TC01/Page_Discover gists  GitHub/a_Signin' is clicked on

2019-05-21 15:34:15 - [TEST_STEP][PASSED] - setText(findTestObject("Object Repository/Create a public gist/TC01/Page_Sign in to GitHub  GitHub/input_Username or email address_login"), "rickytampubolon97@gmail.com"): Text 'rickytampubolon97@gmail.com' is set on object 'Object Repository/Create a public gist/TC01/Page_Sign in to GitHub  GitHub/input_Username or email address_login'

2019-05-21 15:34:15 - [MESSAGE][PASSED] - Text 'rickytampubolon97@gmail.com' is set on object 'Object Repository/Create a public gist/TC01/Page_Sign in to GitHub  GitHub/input_Username or email address_login'

2019-05-21 15:34:15 - [TEST_STEP][PASSED] - setEncryptedText(findTestObject("Object Repository/Create a public gist/TC01/Page_Sign in to GitHub  GitHub/input_Forgot password_password"), "aWiFznaQQ9/aU/+XfrlMyg=="): Text ****** has been set on object 'Object Repository/Create a public gist/TC01/Page_Sign in to GitHub  GitHub/input_Forgot password_password'

2019-05-21 15:34:15 - [MESSAGE][PASSED] - Text ****** has been set on object 'Object Repository/Create a public gist/TC01/Page_Sign in to GitHub  GitHub/input_Forgot password_password'

2019-05-21 15:34:15 - [TEST_STEP][PASSED] - click(findTestObject("Object Repository/Create a public gist/TC01/Page_Sign in to GitHub  GitHub/input_Forgot password_commit")): Object: 'Object Repository/Create a public gist/TC01/Page_Sign in to GitHub  GitHub/input_Forgot password_commit' is clicked on

2019-05-21 15:34:18 - [MESSAGE][PASSED] - Object: 'Object Repository/Create a public gist/TC01/Page_Sign in to GitHub  GitHub/input_Forgot password_commit' is clicked on

2019-05-21 15:34:18 - [TEST_STEP][PASSED] - navigateToUrl("https://gist.github.com/"): Navigate to 'https://gist.github.com/' successfully

2019-05-21 15:34:19 - [MESSAGE][PASSED] - Navigate to 'https://gist.github.com/' successfully

2019-05-21 15:34:19 - [TEST_STEP][PASSED] - setText(findTestObject("Object Repository/Create a public gist/TC01/Page_Create a new Gist/input_See all of your gists_gistdescription"), "Looping in PHP"): Text 'Looping in PHP' is set on object 'Object Repository/Create a public gist/TC01/Page_Create a new Gist/input_See all of your gists_gistdescription'

2019-05-21 15:34:19 - [MESSAGE][PASSED] - Text 'Looping in PHP' is set on object 'Object Repository/Create a public gist/TC01/Page_Create a new Gist/input_See all of your gists_gistdescription'

2019-05-21 15:34:19 - [TEST_STEP][PASSED] - click(findTestObject("Object Repository/Create a public gist/TC01/Page_Create a new Gist/div_1")): Object: 'Object Repository/Create a public gist/TC01/Page_Create a new Gist/div_1' is clicked on

2019-05-21 15:34:19 - [MESSAGE][PASSED] - Object: 'Object Repository/Create a public gist/TC01/Page_Create a new Gist/div_1' is clicked on

2019-05-21 15:34:19 - [TEST_STEP][PASSED] - setText(findTestObject("Object Repository/Create a public gist/TC01/Page_Create a new Gist/div_1php 2for (x  0 x  10 x) 3    echo The number is x br4 5"), "<div style="position: relative;"><div class="CodeMirror-gutter-wrapper" contenteditable="false" style="left: -53px;"><div class="CodeMirror-linenumber CodeMirror-gutter-elt" style="left: 0px; width: 21px;">1</div></div><pre class=" CodeMirror-line " role="presentation" style=""><span role="presentation" style="padding-right: 0.1px;">&lt;?php </span></pre></div><div style="position: relative;"><div class="CodeMirror-gutter-wrapper" contenteditable="false" style="left: -53px;"><div class="CodeMirror-linenumber CodeMirror-gutter-elt" style="left: 0px; width: 21px;">2</div></div><pre class=" CodeMirror-line " role="presentation" style=""><span role="presentation" style="padding-right: 0.1px;">for ($x = 0; $x &lt;= 10; $x++) {</span></pre></div><div style="position: relative;"><div class="CodeMirror-gutter-wrapper" contenteditable="false" style="left: -53px;"><div class="CodeMirror-linenumber CodeMirror-gutter-elt" style="left: 0px; width: 21px;">3</div></div><pre class=" CodeMirror-line " role="presentation" style=""><span role="presentation" style="padding-right: 0.1px;">    echo "The number is: $x &lt;br&gt;";</span></pre></div><div style="position: relative;"><div class="CodeMirror-gutter-wrapper" contenteditable="false" style="left: -53px;"><div class="CodeMirror-linenumber CodeMirror-gutter-elt" style="left: 0px; width: 21px;">4</div></div><pre class=" CodeMirror-line " role="presentation" style=""><span role="presentation" style="padding-right: 0.1px;">} </span></pre></div><div style="position: relative;"><div class="CodeMirror-gutter-wrapper" contenteditable="false" style="left: -53px;"><div class="CodeMirror-linenumber CodeMirror-gutter-elt" style="left: 0px; width: 21px;">5</div></div><pre class=" CodeMirror-line " role="presentation" style=""><span role="presentation" style="padding-right: 0.1px;">?&gt;</span></pre></div>"): Text '<div style="position: relative;"><div class="CodeMirror-gutter-wrapper" contenteditable="false" style="left: -53px;"><div class="CodeMirror-linenumber CodeMirror-gutter-elt" style="left: 0px; width: 21px;">1</div></div><pre class=" CodeMirror-line " role="presentation" style=""><span role="presentation" style="padding-right: 0.1px;">&lt;?php </span></pre></div><div style="position: relative;"><div class="CodeMirror-gutter-wrapper" contenteditable="false" style="left: -53px;"><div class="CodeMirror-linenumber CodeMirror-gutter-elt" style="left: 0px; width: 21px;">2</div></div><pre class=" CodeMirror-line " role="presentation" style=""><span role="presentation" style="padding-right: 0.1px;">for ($x = 0; $x &lt;= 10; $x++) {</span></pre></div><div style="position: relative;"><div class="CodeMirror-gutter-wrapper" contenteditable="false" style="left: -53px;"><div class="CodeMirror-linenumber CodeMirror-gutter-elt" style="left: 0px; width: 21px;">3</div></div><pre class=" CodeMirror-line " role="presentation" style=""><span role="presentation" style="padding-right: 0.1px;">    echo "The number is: $x &lt;br&gt;";</span></pre></div><div style="position: relative;"><div class="CodeMirror-gutter-wrapper" contenteditable="false" style="left: -53px;"><div class="CodeMirror-linenumber CodeMirror-gutter-elt" style="left: 0px; width: 21px;">4</div></div><pre class=" CodeMirror-line " role="presentation" style=""><span role="presentation" style="padding-right: 0.1px;">} </span></pre></div><div style="position: relative;"><div class="CodeMirror-gutter-wrapper" contenteditable="false" style="left: -53px;"><div class="CodeMirror-linenumber CodeMirror-gutter-elt" style="left: 0px; width: 21px;">5</div></div><pre class=" CodeMirror-line " role="presentation" style=""><span role="presentation" style="padding-right: 0.1px;">?&gt;</span></pre></div>' is set on object 'Object Repository/Create a public gist/TC01/Page_Create a new Gist/div_1php 2for (x  0 x  10 x) 3    echo The number is x br4 5'

2019-05-21 15:34:22 - [MESSAGE][PASSED] - Text '<div style="position: relative;"><div class="CodeMirror-gutter-wrapper" contenteditable="false" style="left: -53px;"><div class="CodeMirror-linenumber CodeMirror-gutter-elt" style="left: 0px; width: 21px;">1</div></div><pre class=" CodeMirror-line " role="presentation" style=""><span role="presentation" style="padding-right: 0.1px;">&lt;?php </span></pre></div><div style="position: relative;"><div class="CodeMirror-gutter-wrapper" contenteditable="false" style="left: -53px;"><div class="CodeMirror-linenumber CodeMirror-gutter-elt" style="left: 0px; width: 21px;">2</div></div><pre class=" CodeMirror-line " role="presentation" style=""><span role="presentation" style="padding-right: 0.1px;">for ($x = 0; $x &lt;= 10; $x++) {</span></pre></div><div style="position: relative;"><div class="CodeMirror-gutter-wrapper" contenteditable="false" style="left: -53px;"><div class="CodeMirror-linenumber CodeMirror-gutter-elt" style="left: 0px; width: 21px;">3</div></div><pre class=" CodeMirror-line " role="presentation" style=""><span role="presentation" style="padding-right: 0.1px;">    echo "The number is: $x &lt;br&gt;";</span></pre></div><div style="position: relative;"><div class="CodeMirror-gutter-wrapper" contenteditable="false" style="left: -53px;"><div class="CodeMirror-linenumber CodeMirror-gutter-elt" style="left: 0px; width: 21px;">4</div></div><pre class=" CodeMirror-line " role="presentation" style=""><span role="presentation" style="padding-right: 0.1px;">} </span></pre></div><div style="position: relative;"><div class="CodeMirror-gutter-wrapper" contenteditable="false" style="left: -53px;"><div class="CodeMirror-linenumber CodeMirror-gutter-elt" style="left: 0px; width: 21px;">5</div></div><pre class=" CodeMirror-line " role="presentation" style=""><span role="presentation" style="padding-right: 0.1px;">?&gt;</span></pre></div>' is set on object 'Object Repository/Create a public gist/TC01/Page_Create a new Gist/div_1php 2for (x  0 x  10 x) 3    echo The number is x br4 5'

2019-05-21 15:34:22 - [TEST_STEP][PASSED] - click(findTestObject("Object Repository/Create a public gist/TC01/Page_Create a new Gist/button_Create public gist")): Object: 'Object Repository/Create a public gist/TC01/Page_Create a new Gist/button_Create public gist' is clicked on

2019-05-21 15:34:25 - [MESSAGE][PASSED] - Object: 'Object Repository/Create a public gist/TC01/Page_Create a new Gist/button_Create public gist' is clicked on]]></system-out>
         <system-err><![CDATA[]]></system-err>
      </testcase>
      <testcase name="Test Cases/Delete an existing gist/TC03" classname="Test Cases/Delete an existing gist/TC03" status="PASSED">
         <system-out><![CDATA[2019-05-21 15:34:25 - [TEST_CASE][PASSED] - Test Cases/Delete an existing gist/TC03: Test Cases/Delete an existing gist/TC03

2019-05-21 15:34:25 - [TEST_STEP][PASSED] - openBrowser(""): Browser is opened with url: ''

2019-05-21 15:34:25 - [MESSAGE][WARNING] - A browser is already opened. Closing browser and opening a new one

2019-05-21 15:34:27 - [MESSAGE][INFO] - Starting 'Firefox' driver

2019-05-21 15:34:29 - [MESSAGE][PASSED] - Browser is opened with url: ''

2019-05-21 15:34:29 - [TEST_STEP][PASSED] - navigateToUrl("https://gist.github.com/discover"): Navigate to 'https://gist.github.com/discover' successfully

2019-05-21 15:34:31 - [MESSAGE][PASSED] - Navigate to 'https://gist.github.com/discover' successfully

2019-05-21 15:34:31 - [TEST_STEP][PASSED] - click(findTestObject("Object Repository/Delete an existing gist/TC03/Page_Discover gists  GitHub/a_Signin")): Object: 'Object Repository/Delete an existing gist/TC03/Page_Discover gists  GitHub/a_Signin' is clicked on

2019-05-21 15:34:33 - [MESSAGE][PASSED] - Object: 'Object Repository/Delete an existing gist/TC03/Page_Discover gists  GitHub/a_Signin' is clicked on

2019-05-21 15:34:33 - [TEST_STEP][PASSED] - setText(findTestObject("Object Repository/Delete an existing gist/TC03/Page_Sign in to GitHub  GitHub/input_Username or email address_login"), "rickytampubolon97@gmail.com"): Text 'rickytampubolon97@gmail.com' is set on object 'Object Repository/Delete an existing gist/TC03/Page_Sign in to GitHub  GitHub/input_Username or email address_login'

2019-05-21 15:34:33 - [MESSAGE][PASSED] - Text 'rickytampubolon97@gmail.com' is set on object 'Object Repository/Delete an existing gist/TC03/Page_Sign in to GitHub  GitHub/input_Username or email address_login'

2019-05-21 15:34:33 - [TEST_STEP][PASSED] - setEncryptedText(findTestObject("Object Repository/Delete an existing gist/TC03/Page_Sign in to GitHub  GitHub/input_Forgot password_password"), "aWiFznaQQ9/aU/+XfrlMyg=="): Text ****** has been set on object 'Object Repository/Delete an existing gist/TC03/Page_Sign in to GitHub  GitHub/input_Forgot password_password'

2019-05-21 15:34:33 - [MESSAGE][PASSED] - Text ****** has been set on object 'Object Repository/Delete an existing gist/TC03/Page_Sign in to GitHub  GitHub/input_Forgot password_password'

2019-05-21 15:34:33 - [TEST_STEP][PASSED] - click(findTestObject("Object Repository/Delete an existing gist/TC03/Page_Sign in to GitHub  GitHub/input_Forgot password_commit")): Object: 'Object Repository/Delete an existing gist/TC03/Page_Sign in to GitHub  GitHub/input_Forgot password_commit' is clicked on

2019-05-21 15:34:35 - [MESSAGE][PASSED] - Object: 'Object Repository/Delete an existing gist/TC03/Page_Sign in to GitHub  GitHub/input_Forgot password_commit' is clicked on

2019-05-21 15:34:35 - [TEST_STEP][PASSED] - click(findTestObject("Object Repository/Delete an existing gist/TC03/Page_Discover gists/span_Back to GitHub_dropdown-caret")): Object: 'Object Repository/Delete an existing gist/TC03/Page_Discover gists/span_Back to GitHub_dropdown-caret' is clicked on

2019-05-21 15:34:36 - [MESSAGE][PASSED] - Object: 'Object Repository/Delete an existing gist/TC03/Page_Discover gists/span_Back to GitHub_dropdown-caret' is clicked on

2019-05-21 15:34:36 - [TEST_STEP][PASSED] - click(findTestObject("Object Repository/Delete an existing gist/TC03/Page_Discover gists/a_Your gists")): Object: 'Object Repository/Delete an existing gist/TC03/Page_Discover gists/a_Your gists' is clicked on

2019-05-21 15:34:36 - [MESSAGE][PASSED] - Object: 'Object Repository/Delete an existing gist/TC03/Page_Discover gists/a_Your gists' is clicked on

2019-05-21 15:34:36 - [TEST_STEP][PASSED] - click(findTestObject("Object Repository/Delete an existing gist/TC03/Page_rickytampubolons gists/strong_gist5b1b0ea46bda37caf3499b06cdc0ebcc")): Object: 'Object Repository/Delete an existing gist/TC03/Page_rickytampubolons gists/strong_gist5b1b0ea46bda37caf3499b06cdc0ebcc' is clicked on

2019-05-21 15:34:37 - [MESSAGE][PASSED] - Object: 'Object Repository/Delete an existing gist/TC03/Page_rickytampubolons gists/strong_gist5b1b0ea46bda37caf3499b06cdc0ebcc' is clicked on

2019-05-21 15:34:37 - [TEST_STEP][PASSED] - click(findTestObject("Object Repository/Delete an existing gist/TC03/Page_Looping in C/button_Delete")): Object: 'Object Repository/Delete an existing gist/TC03/Page_Looping in C/button_Delete' is clicked on

2019-05-21 15:34:37 - [MESSAGE][PASSED] - Object: 'Object Repository/Delete an existing gist/TC03/Page_Looping in C/button_Delete' is clicked on]]></system-out>
         <system-err><![CDATA[]]></system-err>
      </testcase>
      <testcase name="Test Cases/Edit an existing gist/TC02" classname="Test Cases/Edit an existing gist/TC02" status="PASSED">
         <system-out><![CDATA[2019-05-21 15:34:37 - [TEST_CASE][PASSED] - Test Cases/Edit an existing gist/TC02: Test Cases/Edit an existing gist/TC02

2019-05-21 15:34:37 - [TEST_STEP][PASSED] - openBrowser(""): Browser is opened with url: ''

2019-05-21 15:34:37 - [MESSAGE][WARNING] - A browser is already opened. Closing browser and opening a new one

2019-05-21 15:34:38 - [MESSAGE][INFO] - Starting 'Firefox' driver

2019-05-21 15:34:41 - [MESSAGE][PASSED] - Browser is opened with url: ''

2019-05-21 15:34:41 - [TEST_STEP][PASSED] - navigateToUrl("https://gist.github.com/discover"): Navigate to 'https://gist.github.com/discover' successfully

2019-05-21 15:34:43 - [MESSAGE][PASSED] - Navigate to 'https://gist.github.com/discover' successfully

2019-05-21 15:34:43 - [TEST_STEP][PASSED] - click(findTestObject("Object Repository/Edit an existing gist/TC02/Page_Discover gists  GitHub/a_Signin")): Object: 'Object Repository/Edit an existing gist/TC02/Page_Discover gists  GitHub/a_Signin' is clicked on

2019-05-21 15:34:45 - [MESSAGE][PASSED] - Object: 'Object Repository/Edit an existing gist/TC02/Page_Discover gists  GitHub/a_Signin' is clicked on

2019-05-21 15:34:45 - [TEST_STEP][PASSED] - setText(findTestObject("Object Repository/Edit an existing gist/TC02/Page_Sign in to GitHub  GitHub/input_Username or email address_login"), "rickytampubolon97@gmail.com"): Text 'rickytampubolon97@gmail.com' is set on object 'Object Repository/Edit an existing gist/TC02/Page_Sign in to GitHub  GitHub/input_Username or email address_login'

2019-05-21 15:34:45 - [MESSAGE][PASSED] - Text 'rickytampubolon97@gmail.com' is set on object 'Object Repository/Edit an existing gist/TC02/Page_Sign in to GitHub  GitHub/input_Username or email address_login'

2019-05-21 15:34:45 - [TEST_STEP][PASSED] - setEncryptedText(findTestObject("Object Repository/Edit an existing gist/TC02/Page_Sign in to GitHub  GitHub/input_Forgot password_password"), "aWiFznaQQ9/aU/+XfrlMyg=="): Text ****** has been set on object 'Object Repository/Edit an existing gist/TC02/Page_Sign in to GitHub  GitHub/input_Forgot password_password'

2019-05-21 15:34:45 - [MESSAGE][PASSED] - Text ****** has been set on object 'Object Repository/Edit an existing gist/TC02/Page_Sign in to GitHub  GitHub/input_Forgot password_password'

2019-05-21 15:34:45 - [TEST_STEP][PASSED] - click(findTestObject("Object Repository/Edit an existing gist/TC02/Page_Sign in to GitHub  GitHub/input_Forgot password_commit")): Object: 'Object Repository/Edit an existing gist/TC02/Page_Sign in to GitHub  GitHub/input_Forgot password_commit' is clicked on

2019-05-21 15:34:47 - [MESSAGE][PASSED] - Object: 'Object Repository/Edit an existing gist/TC02/Page_Sign in to GitHub  GitHub/input_Forgot password_commit' is clicked on

2019-05-21 15:34:47 - [TEST_STEP][PASSED] - click(findTestObject("Object Repository/Edit an existing gist/TC02/Page_Discover gists/span_Back to GitHub_dropdown-caret")): Object: 'Object Repository/Edit an existing gist/TC02/Page_Discover gists/span_Back to GitHub_dropdown-caret' is clicked on

2019-05-21 15:34:47 - [MESSAGE][PASSED] - Object: 'Object Repository/Edit an existing gist/TC02/Page_Discover gists/span_Back to GitHub_dropdown-caret' is clicked on

2019-05-21 15:34:47 - [TEST_STEP][PASSED] - click(findTestObject("Object Repository/Edit an existing gist/TC02/Page_Discover gists/a_Your gists")): Object: 'Object Repository/Edit an existing gist/TC02/Page_Discover gists/a_Your gists' is clicked on

2019-05-21 15:34:48 - [MESSAGE][PASSED] - Object: 'Object Repository/Edit an existing gist/TC02/Page_Discover gists/a_Your gists' is clicked on

2019-05-21 15:34:48 - [TEST_STEP][PASSED] - click(findTestObject("Object Repository/Edit an existing gist/TC02/Page_rickytampubolons gists/strong_gist5b1b0ea46bda37caf3499b06cdc0ebcc")): Object: 'Object Repository/Edit an existing gist/TC02/Page_rickytampubolons gists/strong_gist5b1b0ea46bda37caf3499b06cdc0ebcc' is clicked on

2019-05-21 15:34:49 - [MESSAGE][PASSED] - Object: 'Object Repository/Edit an existing gist/TC02/Page_rickytampubolons gists/strong_gist5b1b0ea46bda37caf3499b06cdc0ebcc' is clicked on

2019-05-21 15:34:49 - [TEST_STEP][PASSED] - click(findTestObject("Object Repository/Edit an existing gist/TC02/Page_Looping in C/a_Edit")): Object: 'Object Repository/Edit an existing gist/TC02/Page_Looping in C/a_Edit' is clicked on

2019-05-21 15:34:50 - [MESSAGE][PASSED] - Object: 'Object Repository/Edit an existing gist/TC02/Page_Looping in C/a_Edit' is clicked on

2019-05-21 15:34:50 - [TEST_STEP][PASSED] - click(findTestObject("Object Repository/Edit an existing gist/TC02/Page_Editing gist5b1b0ea46bda37caf3499b06cdc0ebcc/button_Update public gist")): Object: 'Object Repository/Edit an existing gist/TC02/Page_Editing gist5b1b0ea46bda37caf3499b06cdc0ebcc/button_Update public gist' is clicked on

2019-05-21 15:34:52 - [MESSAGE][PASSED] - Object: 'Object Repository/Edit an existing gist/TC02/Page_Editing gist5b1b0ea46bda37caf3499b06cdc0ebcc/button_Update public gist' is clicked on]]></system-out>
         <system-err><![CDATA[]]></system-err>
      </testcase>
      <testcase name="Test Cases/See my list of gists/TC04" classname="Test Cases/See my list of gists/TC04" status="PASSED">
         <system-out><![CDATA[2019-05-21 15:34:52 - [TEST_CASE][PASSED] - Test Cases/See my list of gists/TC04: Test Cases/See my list of gists/TC04

2019-05-21 15:34:52 - [TEST_STEP][PASSED] - openBrowser(""): Browser is opened with url: ''

2019-05-21 15:34:52 - [MESSAGE][WARNING] - A browser is already opened. Closing browser and opening a new one

2019-05-21 15:34:53 - [MESSAGE][INFO] - Starting 'Firefox' driver

2019-05-21 15:34:56 - [MESSAGE][PASSED] - Browser is opened with url: ''

2019-05-21 15:34:56 - [TEST_STEP][PASSED] - navigateToUrl("https://gist.github.com/discover"): Navigate to 'https://gist.github.com/discover' successfully

2019-05-21 15:34:59 - [MESSAGE][PASSED] - Navigate to 'https://gist.github.com/discover' successfully

2019-05-21 15:34:59 - [TEST_STEP][PASSED] - click(findTestObject("Object Repository/See my list of gists/TC04/Page_Discover gists  GitHub/a_Signin")): Object: 'Object Repository/See my list of gists/TC04/Page_Discover gists  GitHub/a_Signin' is clicked on

2019-05-21 15:35:00 - [MESSAGE][PASSED] - Object: 'Object Repository/See my list of gists/TC04/Page_Discover gists  GitHub/a_Signin' is clicked on

2019-05-21 15:35:00 - [TEST_STEP][PASSED] - setText(findTestObject("Object Repository/See my list of gists/TC04/Page_Sign in to GitHub  GitHub/input_Username or email address_login"), "rickytampubolon97@gmail.com"): Text 'rickytampubolon97@gmail.com' is set on object 'Object Repository/See my list of gists/TC04/Page_Sign in to GitHub  GitHub/input_Username or email address_login'

2019-05-21 15:35:00 - [MESSAGE][PASSED] - Text 'rickytampubolon97@gmail.com' is set on object 'Object Repository/See my list of gists/TC04/Page_Sign in to GitHub  GitHub/input_Username or email address_login'

2019-05-21 15:35:00 - [TEST_STEP][PASSED] - setEncryptedText(findTestObject("Object Repository/See my list of gists/TC04/Page_Sign in to GitHub  GitHub/input_Forgot password_password"), "aWiFznaQQ9/aU/+XfrlMyg=="): Text ****** has been set on object 'Object Repository/See my list of gists/TC04/Page_Sign in to GitHub  GitHub/input_Forgot password_password'

2019-05-21 15:35:00 - [MESSAGE][PASSED] - Text ****** has been set on object 'Object Repository/See my list of gists/TC04/Page_Sign in to GitHub  GitHub/input_Forgot password_password'

2019-05-21 15:35:00 - [TEST_STEP][PASSED] - click(findTestObject("Object Repository/See my list of gists/TC04/Page_Sign in to GitHub  GitHub/input_Forgot password_commit")): Object: 'Object Repository/See my list of gists/TC04/Page_Sign in to GitHub  GitHub/input_Forgot password_commit' is clicked on

2019-05-21 15:35:04 - [MESSAGE][PASSED] - Object: 'Object Repository/See my list of gists/TC04/Page_Sign in to GitHub  GitHub/input_Forgot password_commit' is clicked on

2019-05-21 15:35:04 - [TEST_STEP][PASSED] - click(findTestObject("Object Repository/See my list of gists/TC04/Page_Discover gists/span_Back to GitHub_dropdown-caret")): Object: 'Object Repository/See my list of gists/TC04/Page_Discover gists/span_Back to GitHub_dropdown-caret' is clicked on

2019-05-21 15:35:04 - [MESSAGE][PASSED] - Object: 'Object Repository/See my list of gists/TC04/Page_Discover gists/span_Back to GitHub_dropdown-caret' is clicked on

2019-05-21 15:35:04 - [TEST_STEP][PASSED] - click(findTestObject("Object Repository/See my list of gists/TC04/Page_Discover gists/a_Your gists")): Object: 'Object Repository/See my list of gists/TC04/Page_Discover gists/a_Your gists' is clicked on

2019-05-21 15:35:05 - [MESSAGE][PASSED] - Object: 'Object Repository/See my list of gists/TC04/Page_Discover gists/a_Your gists' is clicked on]]></system-out>
         <system-err><![CDATA[]]></system-err>
      </testcase>
      <system-out><![CDATA[2019-05-21 15:34:06 - [TEST_SUITE][PASSED] - All: Test Cases/See my list of gists/TC04]]></system-out>
      <system-err><![CDATA[]]></system-err>
   </testsuite>
</testsuites>
